# JRE version: OpenJDK Runtime Environment Temurin-21.0.5+11 (21.0.5+11) (build 21.0.5+11-LTS)
# Java VM: OpenJDK 64-Bit Server VM Temurin-21.0.5+11 (21.0.5+11-LTS, mixed mode, emulated-client, sharing, tiered, compressed oops, compressed class ptrs, g1 gc, windows-amd64)
GC Precious Log:
 CardTable entry size: 512
 Card Set container configuration: InlinePtr #cards 5 size 8 Array Of Cards #cards 12 size 40 Howl #buckets 4 coarsen threshold 1843 Howl Bitmap #cards 512 size 80 coarsen threshold 460 Card regions per heap region 1 cards per card region 2048
 CPUs: 4 total, 4 available
 Memory: 8100M
 Large Page Support: Disabled
 NUMA Support: Disabled
 Compressed Oops: Enabled (32-bit)
 Heap Region Size: 1M
 Heap Min Capacity: 8M
 Heap Initial Capacity: 128M
 Heap Max Capacity: 2026M
 Pre-touch: Disabled
 Parallel Workers: 4
 Concurrent Workers: 1
 Concurrent Refinement Workers: 4
 Periodic GC: Disabled
Heap:
 garbage-first heap   total 126976K, used 52384K [0x0000000081600000, 0x0000000100000000)
  region size 1024K, 6 young (6144K), 6 survivors (6144K)
 Metaspace       used 84121K, committed 84928K, reserved 1179648K
  class space    used 11963K, committed 12352K, reserved 1048576K
GC Heap History (20 events):
Event: 2607.939 GC heap after
{Heap after GC invocations=35 (full 0):
 garbage-first heap   total 181248K, used 55722K [0x0000000081600000, 0x0000000100000000)
  region size 1024K, 4 young (4096K), 4 survivors (4096K)
 Metaspace       used 81961K, committed 83008K, reserved 1179648K
  class space    used 11757K, committed 12224K, reserved 1048576K
}
Event: 3573.778 GC heap before
{Heap before GC invocations=36 (full 0):
 garbage-first heap   total 181248K, used 160170K [0x0000000081600000, 0x0000000100000000)
  region size 1024K, 106 young (108544K), 4 survivors (4096K)
 Metaspace       used 81494K, committed 83008K, reserved 1179648K
  class space    used 11639K, committed 12224K, reserved 1048576K
}
Event: 3573.799 GC heap after
{Heap after GC invocations=37 (full 0):
 garbage-first heap   total 181248K, used 55789K [0x0000000081600000, 0x0000000100000000)
  region size 1024K, 4 young (4096K), 4 survivors (4096K)
 Metaspace       used 81494K, committed 83008K, reserved 1179648K
  class space    used 11639K, committed 12224K, reserved 1048576K
}
Event: 4312.365 GC heap before
{Heap before GC invocations=37 (full 0):
 garbage-first heap   total 181248K, used 135661K [0x0000000081600000, 0x0000000100000000)
  region size 1024K, 83 young (84992K), 4 survivors (4096K)
 Metaspace       used 81614K, committed 83008K, reserved 1179648K
  class space    used 11673K, committed 12224K, reserved 1048576K
}
Event: 4312.476 GC heap after
{Heap after GC invocations=38 (full 1):
 garbage-first heap   total 130048K, used 36133K [0x0000000081600000, 0x0000000100000000)
  region size 1024K, 0 young (0K), 0 survivors (0K)
 Metaspace       used 81580K, committed 83008K, reserved 1179648K
  class space    used 11664K, committed 12224K, reserved 1048576K
}
Event: 4312.487 GC heap before
{Heap before GC invocations=38 (full 1):
 garbage-first heap   total 130048K, used 36133K [0x0000000081600000, 0x0000000100000000)
  region size 1024K, 1 young (1024K), 0 survivors (0K)
 Metaspace       used 81581K, committed 83008K, reserved 1179648K
  class space    used 11664K, committed 12224K, reserved 1048576K
}
Event: 4312.564 GC heap after
{Heap after GC invocations=39 (full 2):
 garbage-first heap   total 126976K, used 35999K [0x0000000081600000, 0x0000000100000000)
  region size 1024K, 0 young (0K), 0 survivors (0K)
 Metaspace       used 81524K, committed 83008K, reserved 1179648K
  class space    used 11650K, committed 12224K, reserved 1048576K
}
Event: 4314.608 GC heap before
{Heap before GC invocations=39 (full 2):
 garbage-first heap   total 126976K, used 110751K [0x0000000081600000, 0x0000000100000000)
  region size 1024K, 74 young (75776K), 0 survivors (0K)
 Metaspace       used 81968K, committed 83008K, reserved 1179648K
  class space    used 11723K, committed 12224K, reserved 1048576K
}
Event: 4314.619 GC heap after
{Heap after GC invocations=40 (full 2):
 garbage-first heap   total 126976K, used 42446K [0x0000000081600000, 0x0000000100000000)
  region size 1024K, 7 young (7168K), 7 survivors (7168K)
 Metaspace       used 81968K, committed 83008K, reserved 1179648K
  class space    used 11723K, committed 12224K, reserved 1048576K
}
Event: 4315.454 GC heap before
{Heap before GC invocations=41 (full 2):
 garbage-first heap   total 126976K, used 110030K [0x0000000081600000, 0x0000000100000000)
  region size 1024K, 73 young (74752K), 7 survivors (7168K)
 Metaspace       used 82347K, committed 83264K, reserved 1179648K
  class space    used 11768K, committed 12224K, reserved 1048576K
}
Event: 4315.471 GC heap after
{Heap after GC invocations=42 (full 2):
 garbage-first heap   total 126976K, used 45413K [0x0000000081600000, 0x0000000100000000)
  region size 1024K, 4 young (4096K), 4 survivors (4096K)
 Metaspace       used 82347K, committed 83264K, reserved 1179648K
  class space    used 11768K, committed 12224K, reserved 1048576K
}
Event: 4315.858 GC heap before
{Heap before GC invocations=42 (full 2):
 garbage-first heap   total 126976K, used 112997K [0x0000000081600000, 0x0000000100000000)
  region size 1024K, 70 young (71680K), 4 survivors (4096K)
 Metaspace       used 82820K, committed 83648K, reserved 1179648K
  class space    used 11803K, committed 12224K, reserved 1048576K
}
Event: 4315.869 GC heap after
{Heap after GC invocations=43 (full 2):
 garbage-first heap   total 126976K, used 47958K [0x0000000081600000, 0x0000000100000000)
  region size 1024K, 6 young (6144K), 6 survivors (6144K)
 Metaspace       used 82820K, committed 83648K, reserved 1179648K
  class space    used 11803K, committed 12224K, reserved 1048576K
}
Event: 4316.067 GC heap before
{Heap before GC invocations=43 (full 2):
 garbage-first heap   total 126976K, used 64342K [0x0000000081600000, 0x0000000100000000)
  region size 1024K, 23 young (23552K), 6 survivors (6144K)
 Metaspace       used 82968K, committed 83840K, reserved 1179648K
  class space    used 11823K, committed 12224K, reserved 1048576K
}
Event: 4316.161 GC heap after
{Heap after GC invocations=44 (full 3):
 garbage-first heap   total 126976K, used 43830K [0x0000000081600000, 0x0000000100000000)
  region size 1024K, 0 young (0K), 0 survivors (0K)
 Metaspace       used 82935K, committed 83840K, reserved 1179648K
  class space    used 11818K, committed 12224K, reserved 1048576K
}
Event: 4400.419 GC heap before
{Heap before GC invocations=44 (full 3):
 garbage-first heap   total 126976K, used 113462K [0x0000000081600000, 0x0000000100000000)
  region size 1024K, 69 young (70656K), 0 survivors (0K)
 Metaspace       used 83525K, committed 84352K, reserved 1179648K
  class space    used 11913K, committed 12288K, reserved 1048576K
}
Event: 4400.428 GC heap after
{Heap after GC invocations=45 (full 3):
 garbage-first heap   total 126976K, used 48843K [0x0000000081600000, 0x0000000100000000)
  region size 1024K, 5 young (5120K), 5 survivors (5120K)
 Metaspace       used 83525K, committed 84352K, reserved 1179648K
  class space    used 11913K, committed 12288K, reserved 1048576K
}
Event: 4401.316 GC heap before
{Heap before GC invocations=46 (full 3):
 garbage-first heap   total 126976K, used 112331K [0x0000000081600000, 0x0000000100000000)
  region size 1024K, 67 young (68608K), 5 survivors (5120K)
 Metaspace       used 83775K, committed 84544K, reserved 1179648K
  class space    used 11938K, committed 12288K, reserved 1048576K
}
Event: 4401.325 GC heap after
{Heap after GC invocations=47 (full 3):
 garbage-first heap   total 126976K, used 50885K [0x0000000081600000, 0x0000000100000000)
  region size 1024K, 7 young (7168K), 7 survivors (7168K)
 Metaspace       used 83775K, committed 84544K, reserved 1179648K
  class space    used 11938K, committed 12288K, reserved 1048576K
}
Event: 4401.698 GC heap before
{Heap before GC invocations=47 (full 3):
 garbage-first heap   total 126976K, used 110277K [0x0000000081600000, 0x0000000100000000)
  region size 1024K, 65 young (66560K), 7 survivors (7168K)
 Metaspace       used 84121K, committed 84928K, reserved 1179648K
  class space    used 11963K, committed 12352K, reserved 1048576K
}

